Vivado Simulator 2020.1
Time resolution is 1 ps
i=          0, clk=1, rst=1, dout= 8
i=          1, clk=1, rst=1, dout= 8
i=          2, clk=1, rst=1, dout= 8
i=          3, clk=1, rst=1, dout= 8
i=          4, clk=1, rst=1, dout= 8
i=          5, clk=1, rst=1, dout= 8
i=          6, clk=1, rst=1, dout= 8
i=          7, clk=1, rst=1, dout= 8
i=          8, clk=1, rst=1, dout= 8
i=          9, clk=1, rst=1, dout= 8
i=         10, clk=1, rst=1, dout= 8
i=         11, clk=1, rst=1, dout= 8
i=         12, clk=1, rst=1, dout= 8
i=         13, clk=1, rst=1, dout= 8
i=         14, clk=1, rst=1, dout= 8
i=         15, clk=1, rst=1, dout= 8
i=         16, clk=1, rst=1, dout= 8
i=         17, clk=1, rst=1, dout= 8
i=         18, clk=1, rst=1, dout= 8
i=         19, clk=1, rst=1, dout= 8
i=         20, clk=1, rst=1, dout= 8
i=         21, clk=1, rst=1, dout= 8
i=         22, clk=1, rst=1, dout= 8
i=         23, clk=1, rst=1, dout= 8
i=         24, clk=1, rst=1, dout= 8
i=         25, clk=1, rst=1, dout= 8
i=         26, clk=1, rst=1, dout= 8
i=         27, clk=1, rst=1, dout= 8
i=         28, clk=1, rst=1, dout= 8
i=         29, clk=1, rst=1, dout= 8
i=         30, clk=1, rst=1, dout= 8
i=         31, clk=1, rst=1, dout= 8
i=         32, clk=1, rst=1, dout= 8
i=         33, clk=1, rst=1, dout= 8
i=         34, clk=1, rst=1, dout= 8
i=         35, clk=1, rst=1, dout= 8
i=         36, clk=1, rst=1, dout= 8
i=         37, clk=1, rst=1, dout= 8
i=         38, clk=1, rst=1, dout= 8
i=         39, clk=1, rst=1, dout= 8
i=         40, clk=1, rst=1, dout= 8
i=         41, clk=1, rst=1, dout= 8
i=         42, clk=1, rst=1, dout= 8
i=         43, clk=1, rst=1, dout= 8
i=         44, clk=1, rst=1, dout= 8
i=         45, clk=1, rst=1, dout= 8
i=         46, clk=1, rst=1, dout= 8
i=         47, clk=1, rst=1, dout= 8
i=         48, clk=1, rst=1, dout= 8
i=         49, clk=1, rst=1, dout= 8
i=         50, clk=1, rst=1, dout= 8
i=         51, clk=1, rst=1, dout= 8
i=         52, clk=1, rst=1, dout= 8
i=         53, clk=1, rst=1, dout= 8
i=         54, clk=1, rst=1, dout= 8
i=         55, clk=1, rst=1, dout= 8
i=         56, clk=1, rst=1, dout= 8
i=         57, clk=1, rst=1, dout= 8
i=         58, clk=1, rst=1, dout= 8
i=         59, clk=1, rst=1, dout= 8
i=         60, clk=1, rst=1, dout= 8
i=         61, clk=1, rst=1, dout= 8
i=         62, clk=1, rst=1, dout= 8
i=         63, clk=1, rst=1, dout= 8
i=         64, clk=1, rst=1, dout= 8
i=         65, clk=1, rst=1, dout= 8
i=         66, clk=1, rst=1, dout= 8
i=         67, clk=1, rst=1, dout= 8
i=         68, clk=1, rst=1, dout= 8
i=         69, clk=1, rst=1, dout= 8
i=         70, clk=1, rst=1, dout= 8
i=         71, clk=1, rst=1, dout= 8
i=         72, clk=1, rst=1, dout= 8
i=         73, clk=1, rst=1, dout= 8
i=         74, clk=1, rst=1, dout= 8
i=         75, clk=1, rst=1, dout= 8
i=         76, clk=1, rst=1, dout= 8
i=         77, clk=1, rst=1, dout= 8
i=         78, clk=1, rst=1, dout= 8
i=         79, clk=1, rst=1, dout= 8
i=         80, clk=1, rst=1, dout= 8
i=         81, clk=1, rst=1, dout= 8
i=         82, clk=1, rst=1, dout= 8
i=         83, clk=1, rst=1, dout= 8
i=         84, clk=1, rst=1, dout= 8
i=         85, clk=1, rst=1, dout= 8
i=         86, clk=1, rst=1, dout= 8
i=         87, clk=1, rst=1, dout= 8
i=         88, clk=1, rst=1, dout= 8
i=         89, clk=1, rst=1, dout= 8
i=         90, clk=1, rst=1, dout= 8
i=         91, clk=1, rst=1, dout= 8
i=         92, clk=1, rst=1, dout= 8
i=         93, clk=1, rst=1, dout= 8
i=         94, clk=1, rst=1, dout= 8
i=         95, clk=1, rst=1, dout= 8
i=         96, clk=1, rst=1, dout= 8
i=         97, clk=1, rst=1, dout= 8
i=         98, clk=1, rst=1, dout= 8
i=         99, clk=1, rst=1, dout= 8
i=        100, clk=1, rst=1, dout= 8
i=        101, clk=1, rst=1, dout= 8
i=        102, clk=1, rst=1, dout= 8
i=        103, clk=1, rst=1, dout= 8
i=        104, clk=1, rst=1, dout= 8
i=        105, clk=1, rst=1, dout= 8
i=        106, clk=1, rst=1, dout= 8
i=        107, clk=1, rst=1, dout= 8
i=        108, clk=1, rst=1, dout= 8
i=        109, clk=1, rst=1, dout= 8
i=        110, clk=1, rst=1, dout= 8
i=        111, clk=1, rst=1, dout= 8
i=        112, clk=1, rst=1, dout= 8
i=        113, clk=1, rst=1, dout= 8
i=        114, clk=1, rst=1, dout= 8
i=        115, clk=1, rst=1, dout= 8
i=        116, clk=1, rst=1, dout= 8
i=        117, clk=1, rst=1, dout= 8
i=        118, clk=1, rst=1, dout= 8
i=        119, clk=1, rst=1, dout= 8
i=        120, clk=1, rst=1, dout= 8
i=        121, clk=1, rst=1, dout= 8
i=        122, clk=1, rst=1, dout= 8
i=        123, clk=1, rst=1, dout= 8
i=        124, clk=1, rst=1, dout= 8
i=        125, clk=1, rst=1, dout= 8
i=        126, clk=1, rst=1, dout= 8
i=        127, clk=1, rst=1, dout= 8
i=        128, clk=1, rst=1, dout= 8
i=        129, clk=1, rst=1, dout= 8
i=        130, clk=1, rst=1, dout= 8
i=        131, clk=1, rst=1, dout= 8
i=        132, clk=1, rst=1, dout= 8
i=        133, clk=1, rst=1, dout= 8
i=        134, clk=1, rst=1, dout= 8
i=        135, clk=1, rst=1, dout= 8
i=        136, clk=1, rst=1, dout= 8
i=        137, clk=1, rst=1, dout= 8
i=        138, clk=1, rst=1, dout= 8
i=        139, clk=1, rst=1, dout= 8
i=        140, clk=1, rst=1, dout= 8
i=        141, clk=1, rst=1, dout= 8
i=        142, clk=1, rst=1, dout= 8
i=        143, clk=1, rst=1, dout= 8
i=        144, clk=1, rst=1, dout= 8
i=        145, clk=1, rst=1, dout= 8
i=        146, clk=1, rst=1, dout= 8
i=        147, clk=1, rst=1, dout= 8
i=        148, clk=1, rst=1, dout= 8
i=        149, clk=1, rst=1, dout= 8
i=        150, clk=1, rst=1, dout= 8
i=        151, clk=1, rst=1, dout= 8
i=        152, clk=1, rst=1, dout= 8
i=        153, clk=1, rst=1, dout= 8
i=        154, clk=1, rst=1, dout= 8
i=        155, clk=1, rst=1, dout= 8
i=        156, clk=1, rst=1, dout= 8
i=        157, clk=1, rst=1, dout= 8
i=        158, clk=1, rst=1, dout= 8
i=        159, clk=1, rst=1, dout= 8
i=        160, clk=1, rst=1, dout= 8
i=        161, clk=1, rst=1, dout= 8
i=        162, clk=1, rst=1, dout= 8
i=        163, clk=1, rst=1, dout= 8
i=        164, clk=1, rst=1, dout= 8
i=        165, clk=1, rst=1, dout= 8
i=        166, clk=1, rst=1, dout= 8
i=        167, clk=1, rst=1, dout= 8
i=        168, clk=1, rst=1, dout= 8
i=        169, clk=1, rst=1, dout= 8
i=        170, clk=1, rst=1, dout= 8
i=        171, clk=1, rst=1, dout= 8
i=        172, clk=1, rst=1, dout= 8
i=        173, clk=1, rst=1, dout= 8
i=        174, clk=1, rst=1, dout= 8
i=        175, clk=1, rst=1, dout= 8
i=        176, clk=1, rst=1, dout= 8
i=        177, clk=1, rst=1, dout= 8
i=        178, clk=1, rst=1, dout= 8
i=        179, clk=1, rst=1, dout= 8
i=        180, clk=1, rst=1, dout= 8
i=        181, clk=1, rst=1, dout= 8
i=        182, clk=1, rst=1, dout= 8
i=        183, clk=1, rst=1, dout= 8
i=        184, clk=1, rst=1, dout= 8
i=        185, clk=1, rst=1, dout= 8
i=        186, clk=1, rst=1, dout= 8
i=        187, clk=1, rst=1, dout= 8
i=        188, clk=1, rst=1, dout= 8
i=        189, clk=1, rst=1, dout= 8
i=        190, clk=1, rst=1, dout= 8
i=        191, clk=1, rst=1, dout= 8
i=        192, clk=1, rst=1, dout= 8
i=        193, clk=1, rst=1, dout= 8
i=        194, clk=1, rst=1, dout= 8
i=        195, clk=1, rst=1, dout= 8
i=        196, clk=1, rst=1, dout= 8
i=        197, clk=1, rst=1, dout= 8
i=        198, clk=1, rst=1, dout= 8
i=        199, clk=1, rst=1, dout= 8
i=        200, clk=1, rst=1, dout= 8
i=        201, clk=1, rst=1, dout= 8
i=        202, clk=1, rst=1, dout= 8
i=        203, clk=1, rst=1, dout= 8
i=        204, clk=1, rst=1, dout= 8
i=        205, clk=1, rst=1, dout= 8
i=        206, clk=1, rst=1, dout= 8
i=        207, clk=1, rst=1, dout= 8
i=        208, clk=1, rst=1, dout= 8
i=        209, clk=1, rst=1, dout= 8
i=        210, clk=1, rst=1, dout= 8
i=        211, clk=1, rst=1, dout= 8
i=        212, clk=1, rst=1, dout= 8
i=        213, clk=1, rst=1, dout= 8
i=        214, clk=1, rst=1, dout= 8
i=        215, clk=1, rst=1, dout= 8
i=        216, clk=1, rst=1, dout= 8
i=        217, clk=1, rst=1, dout= 8
i=        218, clk=1, rst=1, dout= 8
i=        219, clk=1, rst=1, dout= 8
i=        220, clk=1, rst=1, dout= 8
i=        221, clk=1, rst=1, dout= 8
i=        222, clk=1, rst=1, dout= 8
i=        223, clk=1, rst=1, dout= 8
i=        224, clk=1, rst=1, dout= 8
i=        225, clk=1, rst=1, dout= 8
i=        226, clk=1, rst=1, dout= 8
i=        227, clk=1, rst=1, dout= 8
i=        228, clk=1, rst=1, dout= 8
i=        229, clk=1, rst=1, dout= 8
i=        230, clk=1, rst=1, dout= 8
i=        231, clk=1, rst=1, dout= 8
i=        232, clk=1, rst=1, dout= 8
i=        233, clk=1, rst=1, dout= 8
i=        234, clk=1, rst=1, dout= 8
i=        235, clk=1, rst=1, dout= 8
i=        236, clk=1, rst=1, dout= 8
i=        237, clk=1, rst=1, dout= 8
i=        238, clk=1, rst=1, dout= 8
i=        239, clk=1, rst=1, dout= 8
i=        240, clk=1, rst=1, dout= 8
i=        241, clk=1, rst=1, dout= 8
i=        242, clk=1, rst=1, dout= 8
i=        243, clk=1, rst=1, dout= 8
i=        244, clk=1, rst=1, dout= 8
i=        245, clk=1, rst=1, dout= 8
i=        246, clk=1, rst=1, dout= 8
i=        247, clk=1, rst=1, dout= 8
i=        248, clk=1, rst=1, dout= 8
i=        249, clk=1, rst=1, dout= 8
i=        250, clk=1, rst=1, dout= 8
i=        251, clk=1, rst=1, dout= 8
i=        252, clk=1, rst=1, dout= 8
i=        253, clk=1, rst=1, dout= 8
i=        254, clk=1, rst=1, dout= 8
i=        255, clk=1, rst=1, dout= 8
i=        256, clk=1, rst=1, dout= 8
i=        257, clk=1, rst=1, dout= 8
i=        258, clk=1, rst=1, dout= 8
i=        259, clk=1, rst=1, dout= 8
i=        260, clk=1, rst=1, dout= 8
i=        261, clk=1, rst=1, dout= 8
i=        262, clk=1, rst=1, dout= 8
i=        263, clk=1, rst=1, dout= 8
i=        264, clk=1, rst=1, dout= 8
i=        265, clk=1, rst=1, dout= 8
i=        266, clk=1, rst=1, dout= 8
i=        267, clk=1, rst=1, dout= 8
i=        268, clk=1, rst=1, dout= 8
i=        269, clk=1, rst=1, dout= 8
i=        270, clk=1, rst=1, dout= 8
i=        271, clk=1, rst=1, dout= 8
i=        272, clk=1, rst=1, dout= 8
i=        273, clk=1, rst=1, dout= 8
i=        274, clk=1, rst=1, dout= 8
i=        275, clk=1, rst=1, dout= 8
i=        276, clk=1, rst=1, dout= 8
i=        277, clk=1, rst=1, dout= 8
i=        278, clk=1, rst=1, dout= 8
i=        279, clk=1, rst=1, dout= 8
i=        280, clk=1, rst=1, dout= 8
i=        281, clk=1, rst=1, dout= 8
i=        282, clk=1, rst=1, dout= 8
i=        283, clk=1, rst=1, dout= 8
i=        284, clk=1, rst=1, dout= 8
i=        285, clk=1, rst=1, dout= 8
i=        286, clk=1, rst=1, dout= 8
i=        287, clk=1, rst=1, dout= 8
i=        288, clk=1, rst=1, dout= 8
i=        289, clk=1, rst=1, dout= 8
i=        290, clk=1, rst=1, dout= 8
i=        291, clk=1, rst=1, dout= 8
i=        292, clk=1, rst=1, dout= 8
i=        293, clk=1, rst=1, dout= 8
i=        294, clk=1, rst=1, dout= 8
i=        295, clk=1, rst=1, dout= 8
i=        296, clk=1, rst=1, dout= 8
i=        297, clk=1, rst=1, dout= 8
i=        298, clk=1, rst=1, dout= 8
i=        299, clk=1, rst=1, dout= 8
i=        300, clk=1, rst=1, dout= 8
i=        301, clk=1, rst=1, dout= 8
i=        302, clk=1, rst=1, dout= 8
i=        303, clk=1, rst=1, dout= 8
i=        304, clk=1, rst=1, dout= 8
i=        305, clk=1, rst=1, dout= 8
i=        306, clk=1, rst=1, dout= 8
i=        307, clk=1, rst=1, dout= 8
i=        308, clk=1, rst=1, dout= 8
i=        309, clk=1, rst=1, dout= 8
i=        310, clk=1, rst=1, dout= 8
i=        311, clk=1, rst=1, dout= 8
i=        312, clk=1, rst=1, dout= 8
i=        313, clk=1, rst=1, dout= 8
i=        314, clk=1, rst=1, dout= 8
i=        315, clk=1, rst=1, dout= 8
i=        316, clk=1, rst=1, dout= 8
i=        317, clk=1, rst=1, dout= 8
i=        318, clk=1, rst=1, dout= 8
i=        319, clk=1, rst=1, dout= 8
i=        320, clk=1, rst=1, dout= 8
i=        321, clk=1, rst=1, dout= 8
i=        322, clk=1, rst=1, dout= 8
i=        323, clk=1, rst=1, dout= 8
i=        324, clk=1, rst=1, dout= 8
i=        325, clk=1, rst=1, dout= 8
i=        326, clk=1, rst=1, dout= 8
i=        327, clk=1, rst=1, dout= 8
i=        328, clk=1, rst=1, dout= 8
i=        329, clk=1, rst=1, dout= 8
i=        330, clk=1, rst=1, dout= 8
i=        331, clk=1, rst=1, dout= 8
i=        332, clk=1, rst=1, dout= 8
i=        333, clk=1, rst=1, dout= 8
i=        334, clk=1, rst=1, dout= 8
i=        335, clk=1, rst=1, dout= 8
i=        336, clk=1, rst=1, dout= 8
i=        337, clk=1, rst=1, dout= 8
i=        338, clk=1, rst=1, dout= 8
i=        339, clk=1, rst=1, dout= 8
i=        340, clk=1, rst=1, dout= 8
i=        341, clk=1, rst=1, dout= 8
i=        342, clk=1, rst=1, dout= 8
i=        343, clk=1, rst=1, dout= 8
i=        344, clk=1, rst=1, dout= 8
i=        345, clk=1, rst=1, dout= 8
i=        346, clk=1, rst=1, dout= 8
i=        347, clk=1, rst=1, dout= 8
i=        348, clk=1, rst=1, dout= 8
i=        349, clk=1, rst=1, dout= 8
i=        350, clk=1, rst=1, dout= 8
i=        351, clk=1, rst=1, dout= 8
i=        352, clk=1, rst=1, dout= 8
i=        353, clk=1, rst=1, dout= 8
i=        354, clk=1, rst=1, dout= 8
i=        355, clk=1, rst=1, dout= 8
i=        356, clk=1, rst=1, dout= 8
i=        357, clk=1, rst=1, dout= 8
i=        358, clk=1, rst=1, dout= 8
i=        359, clk=1, rst=1, dout= 8
i=        360, clk=1, rst=1, dout= 8
i=        361, clk=1, rst=1, dout= 8
i=        362, clk=1, rst=1, dout= 8
i=        363, clk=1, rst=1, dout= 8
i=        364, clk=1, rst=1, dout= 8
i=        365, clk=1, rst=1, dout= 8
i=        366, clk=1, rst=1, dout= 8
i=        367, clk=1, rst=1, dout= 8
i=        368, clk=1, rst=1, dout= 8
i=        369, clk=1, rst=1, dout= 8
i=        370, clk=1, rst=1, dout= 8
i=        371, clk=1, rst=1, dout= 8
i=        372, clk=1, rst=1, dout= 8
i=        373, clk=1, rst=1, dout= 8
i=        374, clk=1, rst=1, dout= 8
i=        375, clk=1, rst=1, dout= 8
i=        376, clk=1, rst=1, dout= 8
i=        377, clk=1, rst=1, dout= 8
i=        378, clk=1, rst=1, dout= 8
i=        379, clk=1, rst=1, dout= 8
i=        380, clk=1, rst=1, dout= 8
i=        381, clk=1, rst=1, dout= 8
i=        382, clk=1, rst=1, dout= 8
i=        383, clk=1, rst=1, dout= 8
i=        384, clk=1, rst=1, dout= 8
i=        385, clk=1, rst=1, dout= 8
i=        386, clk=1, rst=1, dout= 8
i=        387, clk=1, rst=1, dout= 8
i=        388, clk=1, rst=1, dout= 8
i=        389, clk=1, rst=1, dout= 8
i=        390, clk=1, rst=1, dout= 8
i=        391, clk=1, rst=1, dout= 8
i=        392, clk=1, rst=1, dout= 8
i=        393, clk=1, rst=1, dout= 8
i=        394, clk=1, rst=1, dout= 8
i=        395, clk=1, rst=1, dout= 8
i=        396, clk=1, rst=1, dout= 8
i=        397, clk=1, rst=1, dout= 8
i=        398, clk=1, rst=1, dout= 8
i=        399, clk=1, rst=1, dout= 8
i=        400, clk=1, rst=1, dout= 8
$finish called at time : 415 ns : File "C:/Xilinx/Vivado2020.1/Vivado/2020.1/examples/2020_VSP/Lab04/all/Lab04.srcs/sim_1/imports/all/TM.v" Line 42
