
*** Running vivado
    with args -log RCA4.vdi -applog -m64 -product Vivado -messageDb vivado.pb -mode batch -source RCA4.tcl -notrace



****** Vivado v2020.1 (64-bit)
  **** SW Build 2902540 on Wed May 27 19:54:49 MDT 2020
  **** IP Build 2902112 on Wed May 27 22:43:36 MDT 2020
    ** Copyright 1986-2020 Xilinx, Inc. All Rights Reserved.

source RCA4.tcl -notrace
Command: open_checkpoint C:/Xilinx/Vivado2020.1/Vivado/2020.1/2020_VSP/Lab06/Lab06/lab6.runs/impl_1/RCA4.dcp

Starting open_checkpoint Task

Time (s): cpu = 00:00:00 ; elapsed = 00:00:00.063 . Memory (MB): peak = 1024.547 ; gain = 0.000
INFO: [Device 21-403] Loading part xc7z020clg400-1
Netlist sorting complete. Time (s): cpu = 00:00:00 ; elapsed = 00:00:00.037 . Memory (MB): peak = 1024.547 ; gain = 0.000
INFO: [Netlist 29-17] Analyzing 60 Unisim elements for replacement
INFO: [Netlist 29-28] Unisim Transformation completed in 0 CPU seconds
INFO: [Project 1-479] Netlist was created with Vivado 2020.1
INFO: [Project 1-570] Preparing netlist for logic optimization
INFO: [Timing 38-478] Restoring timing data from binary archive.
INFO: [Timing 38-479] Binary timing data restore complete.
INFO: [Project 1-856] Restoring constraints from binary archive.
INFO: [Project 1-853] Binary constraint restore complete.
Reading XDEF placement.
Reading placer database...
Reading XDEF routing.
Read XDEF File: Time (s): cpu = 00:00:00 ; elapsed = 00:00:00.106 . Memory (MB): peak = 1234.961 ; gain = 0.000
Restored from archive | CPU: 0.000000 secs | Memory: 0.000000 MB |
Finished XDEF File Restore: Time (s): cpu = 00:00:00 ; elapsed = 00:00:00.106 . Memory (MB): peak = 1234.961 ; gain = 0.000
Netlist sorting complete. Time (s): cpu = 00:00:00 ; elapsed = 00:00:00.002 . Memory (MB): peak = 1234.961 ; gain = 0.000
INFO: [Project 1-111] Unisim Transformation Summary:
  A total of 40 instances were transformed.
  CFGLUT5 => CFGLUT5 (SRL16E, SRLC32E): 40 instances

INFO: [Project 1-604] Checkpoint was created with Vivado v2020.1 (64-bit) build 2902540
open_checkpoint: Time (s): cpu = 00:00:17 ; elapsed = 00:00:19 . Memory (MB): peak = 1234.961 ; gain = 210.414
Command: opt_design
Attempting to get a license for feature 'Implementation' and/or device 'xc7z020'
INFO: [Common 17-349] Got license for feature 'Implementation' and/or device 'xc7z020'
Running DRC as a precondition to command opt_design

Starting DRC Task
INFO: [DRC 23-27] Running DRC with 2 threads
INFO: [Project 1-461] DRC finished with 0 Errors
INFO: [Project 1-462] Please refer to the DRC report (report_drc) for more information.

Time (s): cpu = 00:00:02 ; elapsed = 00:00:01 . Memory (MB): peak = 1245.793 ; gain = 10.832

Starting Cache Timing Information Task
INFO: [Timing 38-35] Done setting XDC timing constraints.
Ending Cache Timing Information Task | Checksum: 19f854b89

Time (s): cpu = 00:00:00 ; elapsed = 00:00:00.164 . Memory (MB): peak = 1333.781 ; gain = 87.988

Starting Logic Optimization Task

Phase 1 Generate And Synthesize Debug Cores
INFO: [Chipscope 16-329] Generating Script for core instance : dbg_hub 
INFO: [IP_Flow 19-234] Refreshing IP repositories
INFO: [IP_Flow 19-1704] No user IP repositories specified
INFO: [IP_Flow 19-2313] Loaded Vivado IP repository 'C:/Xilinx/Vivado2020.1/Vivado/2020.1/data/ip'.
INFO: [IP_Flow 19-3806] Processing IP xilinx.com:ip:xsdbm:3.0 for cell dbg_hub_CV.
INFO: [Chipscope 16-329] Generating Script for core instance : u_ila_0 
INFO: [IP_Flow 19-3806] Processing IP xilinx.com:ip:ila:6.2 for cell u_ila_0_CV.
CRITICAL WARNING: [Common 17-55] 'get_property' expects at least one object. [c:/Xilinx/Vivado2020.1/Vivado/2020.1/2020_VSP/Lab06/Lab06/lab6.runs/impl_1/.Xil/Vivado-26316-LAPTOP-COBJ78AE/dbg_hub_CV.0/out/xsdbm_cc_late_late.xdc:10]
Resolution: If [get_<value>] was used to populate the object, check to make sure this command returns at least one valid object.
CRITICAL WARNING: [Common 17-1548] Command failed: can't read "wr_clk_period": no such variable
 [c:/Xilinx/Vivado2020.1/Vivado/2020.1/2020_VSP/Lab06/Lab06/lab6.runs/impl_1/.Xil/Vivado-26316-LAPTOP-COBJ78AE/dbg_hub_CV.0/out/xsdbm_cc_late_late.xdc:12]
CRITICAL WARNING: [Common 17-1548] Command failed: can't read "skew_value": no such variable
 [c:/Xilinx/Vivado2020.1/Vivado/2020.1/2020_VSP/Lab06/Lab06/lab6.runs/impl_1/.Xil/Vivado-26316-LAPTOP-COBJ78AE/dbg_hub_CV.0/out/xsdbm_cc_late_late.xdc:17]
CRITICAL WARNING: [Common 17-55] 'get_property' expects at least one object. [c:/Xilinx/Vivado2020.1/Vivado/2020.1/2020_VSP/Lab06/Lab06/lab6.runs/impl_1/.Xil/Vivado-26316-LAPTOP-COBJ78AE/dbg_hub_CV.0/out/xsdbm_cc_late_late.xdc:19]
Resolution: If [get_<value>] was used to populate the object, check to make sure this command returns at least one valid object.
CRITICAL WARNING: [Common 17-1548] Command failed: can't read "skew_value": no such variable
 [c:/Xilinx/Vivado2020.1/Vivado/2020.1/2020_VSP/Lab06/Lab06/lab6.runs/impl_1/.Xil/Vivado-26316-LAPTOP-COBJ78AE/dbg_hub_CV.0/out/xsdbm_cc_late_late.xdc:20]
CRITICAL WARNING: [Common 17-55] 'get_property' expects at least one object. [c:/Xilinx/Vivado2020.1/Vivado/2020.1/2020_VSP/Lab06/Lab06/lab6.runs/impl_1/.Xil/Vivado-26316-LAPTOP-COBJ78AE/dbg_hub_CV.0/out/xsdbm_cc_late_late.xdc:24]
Resolution: If [get_<value>] was used to populate the object, check to make sure this command returns at least one valid object.
CRITICAL WARNING: [Common 17-1548] Command failed: can't read "rd_clk_period_2": no such variable
 [c:/Xilinx/Vivado2020.1/Vivado/2020.1/2020_VSP/Lab06/Lab06/lab6.runs/impl_1/.Xil/Vivado-26316-LAPTOP-COBJ78AE/dbg_hub_CV.0/out/xsdbm_cc_late_late.xdc:25]
CRITICAL WARNING: [Common 17-55] 'get_property' expects at least one object. [c:/Xilinx/Vivado2020.1/Vivado/2020.1/2020_VSP/Lab06/Lab06/lab6.runs/impl_1/.Xil/Vivado-26316-LAPTOP-COBJ78AE/dbg_hub_CV.0/out/xsdbm_cc_late_late.xdc:32]
Resolution: If [get_<value>] was used to populate the object, check to make sure this command returns at least one valid object.
CRITICAL WARNING: [Common 17-1548] Command failed: can't read "skew_value_2": no such variable
 [c:/Xilinx/Vivado2020.1/Vivado/2020.1/2020_VSP/Lab06/Lab06/lab6.runs/impl_1/.Xil/Vivado-26316-LAPTOP-COBJ78AE/dbg_hub_CV.0/out/xsdbm_cc_late_late.xdc:33]
CRITICAL WARNING: [Common 17-1548] Command failed: can't read "skew_value_2": no such variable
 [c:/Xilinx/Vivado2020.1/Vivado/2020.1/2020_VSP/Lab06/Lab06/lab6.runs/impl_1/.Xil/Vivado-26316-LAPTOP-COBJ78AE/dbg_hub_CV.0/out/xsdbm_cc_late_late.xdc:36]
Netlist sorting complete. Time (s): cpu = 00:00:01 ; elapsed = 00:00:00.103 . Memory (MB): peak = 1583.430 ; gain = 0.000
Phase 1 Generate And Synthesize Debug Cores | Checksum: 17a370900

Time (s): cpu = 00:00:06 ; elapsed = 00:02:08 . Memory (MB): peak = 1583.430 ; gain = 56.398

Phase 2 Retarget
INFO: [Opt 31-138] Pushed 0 inverter(s) to 0 load pin(s).
INFO: [Opt 31-49] Retargeted 0 cell(s).
Phase 2 Retarget | Checksum: 150308afc

Time (s): cpu = 00:00:06 ; elapsed = 00:02:09 . Memory (MB): peak = 1583.430 ; gain = 56.398
INFO: [Opt 31-389] Phase Retarget created 8 cells and removed 16 cells
INFO: [Opt 31-1021] In phase Retarget, 93 netlist objects are constrained preventing optimization. Please run opt_design with -debug_log to get more detail. 

Phase 3 Constant propagation
INFO: [Opt 31-138] Pushed 0 inverter(s) to 0 load pin(s).
Phase 3 Constant propagation | Checksum: 18ec53785

Time (s): cpu = 00:00:06 ; elapsed = 00:02:09 . Memory (MB): peak = 1583.430 ; gain = 56.398
INFO: [Opt 31-389] Phase Constant propagation created 0 cells and removed 32 cells
INFO: [Opt 31-1021] In phase Constant propagation, 50 netlist objects are constrained preventing optimization. Please run opt_design with -debug_log to get more detail. 

Phase 4 Sweep
Phase 4 Sweep | Checksum: 169363191

Time (s): cpu = 00:00:07 ; elapsed = 00:02:09 . Memory (MB): peak = 1583.430 ; gain = 56.398
INFO: [Opt 31-389] Phase Sweep created 0 cells and removed 128 cells
INFO: [Opt 31-1021] In phase Sweep, 1229 netlist objects are constrained preventing optimization. Please run opt_design with -debug_log to get more detail. 

Phase 5 BUFG optimization
INFO: [Opt 31-194] Inserted BUFG clko_OBUF_BUFG_inst to drive 2608 load(s) on clock net clko_OBUF_BUFG
INFO: [Opt 31-193] Inserted 1 BUFG(s) on clock nets
Phase 5 BUFG optimization | Checksum: ea281030

Time (s): cpu = 00:00:07 ; elapsed = 00:02:09 . Memory (MB): peak = 1583.430 ; gain = 56.398
INFO: [Opt 31-662] Phase BUFG optimization created 1 cells of which 1 are BUFGs and removed 0 cells.

Phase 6 Shift Register Optimization
INFO: [Opt 31-1064] SRL Remap converted 0 SRLs to 0 registers and converted 0 registers of register chains to 0 SRLs
Phase 6 Shift Register Optimization | Checksum: ea281030

Time (s): cpu = 00:00:07 ; elapsed = 00:02:10 . Memory (MB): peak = 1583.430 ; gain = 56.398
INFO: [Opt 31-389] Phase Shift Register Optimization created 0 cells and removed 0 cells

Phase 7 Post Processing Netlist
Phase 7 Post Processing Netlist | Checksum: ea281030

Time (s): cpu = 00:00:07 ; elapsed = 00:02:10 . Memory (MB): peak = 1583.430 ; gain = 56.398
INFO: [Opt 31-389] Phase Post Processing Netlist created 0 cells and removed 0 cells
INFO: [Opt 31-1021] In phase Post Processing Netlist, 60 netlist objects are constrained preventing optimization. Please run opt_design with -debug_log to get more detail. 
Opt_design Change Summary
=========================


-------------------------------------------------------------------------------------------------------------------------
|  Phase                        |  #Cells created  |  #Cells Removed  |  #Constrained objects preventing optimizations  |
-------------------------------------------------------------------------------------------------------------------------
|  Retarget                     |               8  |              16  |                                             93  |
|  Constant propagation         |               0  |              32  |                                             50  |
|  Sweep                        |               0  |             128  |                                           1229  |
|  BUFG optimization            |               1  |               0  |                                              0  |
|  Shift Register Optimization  |               0  |               0  |                                              0  |
|  Post Processing Netlist      |               0  |               0  |                                             60  |
-------------------------------------------------------------------------------------------------------------------------



Starting Connectivity Check Task

Time (s): cpu = 00:00:00 ; elapsed = 00:00:00.010 . Memory (MB): peak = 1583.430 ; gain = 0.000
Ending Logic Optimization Task | Checksum: 1f080db92

Time (s): cpu = 00:00:07 ; elapsed = 00:02:10 . Memory (MB): peak = 1583.430 ; gain = 56.398

Starting Power Optimization Task
INFO: [Pwropt 34-132] Skipping clock gating for clocks with a period < 2.00 ns.
INFO: [Pwropt 34-9] Applying IDT optimizations ...
INFO: [Pwropt 34-10] Applying ODC optimizations ...
INFO: [Timing 38-35] Done setting XDC timing constraints.
Running Vector-less Activity Propagation...

Finished Running Vector-less Activity Propagation


Starting PowerOpt Patch Enables Task
INFO: [Pwropt 34-162] WRITE_MODE attribute of 0 BRAM(s) out of a total of 2 has been updated to save power. Run report_power_opt to get a complete listing of the BRAMs updated.
INFO: [Pwropt 34-201] Structural ODC has moved 0 WE to EN ports
Number of BRAM Ports augmented: 2 newly gated: 0 Total Ports: 4
Ending PowerOpt Patch Enables Task | Checksum: 1e6a3ca30

Time (s): cpu = 00:00:00 ; elapsed = 00:00:00.046 . Memory (MB): peak = 1671.895 ; gain = 0.000
Ending Power Optimization Task | Checksum: 1e6a3ca30

Time (s): cpu = 00:00:03 ; elapsed = 00:00:02 . Memory (MB): peak = 1671.895 ; gain = 88.465

Starting Final Cleanup Task
Ending Final Cleanup Task | Checksum: 1e6a3ca30

Time (s): cpu = 00:00:00 ; elapsed = 00:00:00 . Memory (MB): peak = 1671.895 ; gain = 0.000

Starting Netlist Obfuscation Task
Netlist sorting complete. Time (s): cpu = 00:00:00 ; elapsed = 00:00:00.010 . Memory (MB): peak = 1671.895 ; gain = 0.000
Ending Netlist Obfuscation Task | Checksum: 274ab356e

Time (s): cpu = 00:00:00 ; elapsed = 00:00:00.010 . Memory (MB): peak = 1671.895 ; gain = 0.000
INFO: [Common 17-83] Releasing license: Implementation
55 Infos, 2 Warnings, 10 Critical Warnings and 0 Errors encountered.
opt_design completed successfully
opt_design: Time (s): cpu = 00:00:14 ; elapsed = 00:02:15 . Memory (MB): peak = 1671.895 ; gain = 436.934
INFO: [Timing 38-35] Done setting XDC timing constraints.
INFO: [Timing 38-480] Writing timing data to binary archive.
Writing placer database...
Writing XDEF routing.
Writing XDEF routing logical nets.
Writing XDEF routing special nets.
Write XDEF Complete: Time (s): cpu = 00:00:00 ; elapsed = 00:00:00.093 . Memory (MB): peak = 1671.895 ; gain = 0.000
INFO: [Common 17-1381] The checkpoint 'C:/Xilinx/Vivado2020.1/Vivado/2020.1/2020_VSP/Lab06/Lab06/lab6.runs/impl_1/RCA4_opt.dcp' has been generated.
INFO: [runtcl-4] Executing : report_drc -file RCA4_drc_opted.rpt -pb RCA4_drc_opted.pb -rpx RCA4_drc_opted.rpx
Command: report_drc -file RCA4_drc_opted.rpt -pb RCA4_drc_opted.pb -rpx RCA4_drc_opted.rpx
INFO: [IP_Flow 19-1839] IP Catalog is up to date.
INFO: [DRC 23-27] Running DRC with 2 threads
INFO: [Coretcl 2-168] The results of DRC are in file C:/Xilinx/Vivado2020.1/Vivado/2020.1/2020_VSP/Lab06/Lab06/lab6.runs/impl_1/RCA4_drc_opted.rpt.
report_drc completed successfully
INFO: [Chipscope 16-240] Debug cores have already been implemented
Command: place_design
Attempting to get a license for feature 'Implementation' and/or device 'xc7z020'
INFO: [Common 17-349] Got license for feature 'Implementation' and/or device 'xc7z020'
INFO: [DRC 23-27] Running DRC with 2 threads
INFO: [Vivado_Tcl 4-198] DRC finished with 0 Errors
INFO: [Vivado_Tcl 4-199] Please refer to the DRC report (report_drc) for more information.
Running DRC as a precondition to command place_design
INFO: [DRC 23-27] Running DRC with 2 threads
INFO: [Vivado_Tcl 4-198] DRC finished with 0 Errors
INFO: [Vivado_Tcl 4-199] Please refer to the DRC report (report_drc) for more information.

Starting Placer Task
INFO: [Place 30-611] Multithreading enabled for place_design using a maximum of 2 CPUs

Phase 1 Placer Initialization

Phase 1.1 Placer Initialization Netlist Sorting
Netlist sorting complete. Time (s): cpu = 00:00:00 ; elapsed = 00:00:00.004 . Memory (MB): peak = 1671.895 ; gain = 0.000
Phase 1.1 Placer Initialization Netlist Sorting | Checksum: 18cacc6c1

Time (s): cpu = 00:00:00 ; elapsed = 00:00:00.010 . Memory (MB): peak = 1671.895 ; gain = 0.000
Netlist sorting complete. Time (s): cpu = 00:00:00 ; elapsed = 00:00:00.003 . Memory (MB): peak = 1671.895 ; gain = 0.000

Phase 1.2 IO Placement/ Clock Placement/ Build Placer Device
Phase 1.2 IO Placement/ Clock Placement/ Build Placer Device | Checksum: 11b448e68

Time (s): cpu = 00:00:01 ; elapsed = 00:00:00.841 . Memory (MB): peak = 1671.895 ; gain = 0.000

Phase 1.3 Build Placer Netlist Model
Phase 1.3 Build Placer Netlist Model | Checksum: 1c0d944c0

Time (s): cpu = 00:00:02 ; elapsed = 00:00:02 . Memory (MB): peak = 1671.895 ; gain = 0.000

Phase 1.4 Constrain Clocks/Macros
Phase 1.4 Constrain Clocks/Macros | Checksum: 1c0d944c0

Time (s): cpu = 00:00:02 ; elapsed = 00:00:02 . Memory (MB): peak = 1671.895 ; gain = 0.000
Phase 1 Placer Initialization | Checksum: 1c0d944c0

Time (s): cpu = 00:00:02 ; elapsed = 00:00:02 . Memory (MB): peak = 1671.895 ; gain = 0.000

Phase 2 Global Placement

Phase 2.1 Floorplanning
Phase 2.1 Floorplanning | Checksum: 12148d3cb

Time (s): cpu = 00:00:03 ; elapsed = 00:00:02 . Memory (MB): peak = 1671.895 ; gain = 0.000

Phase 2.2 Global Placement Core

Phase 2.2.1 Physical Synthesis In Placer
INFO: [Physopt 32-1035] Found 0 LUTNM shape to break, 148 LUT instances to create LUTNM shape
INFO: [Physopt 32-1044] Break lutnm for timing: one critical 0, two critical 0, total 0, new lutff created 0
INFO: [Physopt 32-775] End 1 Pass. Optimized 67 nets or cells. Created 0 new cell, deleted 67 existing cells and moved 0 existing cell
INFO: [Physopt 32-65] No nets found for high-fanout optimization.
INFO: [Physopt 32-232] Optimized 0 net. Created 0 new instance.
INFO: [Physopt 32-775] End 1 Pass. Optimized 0 net or cell. Created 0 new cell, deleted 0 existing cell and moved 0 existing cell
INFO: [Physopt 32-670] No setup violation found.  DSP Register Optimization was not performed.
INFO: [Physopt 32-670] No setup violation found.  Shift Register to Pipeline Optimization was not performed.
INFO: [Physopt 32-670] No setup violation found.  Shift Register Optimization was not performed.
INFO: [Physopt 32-670] No setup violation found.  BRAM Register Optimization was not performed.
INFO: [Physopt 32-670] No setup violation found.  URAM Register Optimization was not performed.
INFO: [Physopt 32-949] No candidate nets found for HD net replication
INFO: [Physopt 32-775] End 1 Pass. Optimized 0 net or cell. Created 0 new cell, deleted 0 existing cell and moved 0 existing cell
Netlist sorting complete. Time (s): cpu = 00:00:00 ; elapsed = 00:00:00.004 . Memory (MB): peak = 1671.895 ; gain = 0.000

Summary of Physical Synthesis Optimizations
============================================


-----------------------------------------------------------------------------------------------------------------------------------------------------------
|  Optimization                                     |  Added Cells  |  Removed Cells  |  Optimized Cells/Nets  |  Dont Touch  |  Iterations  |  Elapsed   |
-----------------------------------------------------------------------------------------------------------------------------------------------------------
|  LUT Combining                                    |            0  |             67  |                    67  |           0  |           1  |  00:00:00  |
|  Very High Fanout                                 |            0  |              0  |                     0  |           0  |           1  |  00:00:00  |
|  DSP Register                                     |            0  |              0  |                     0  |           0  |           0  |  00:00:00  |
|  Shift Register to Pipeline                       |            0  |              0  |                     0  |           0  |           0  |  00:00:00  |
|  Shift Register                                   |            0  |              0  |                     0  |           0  |           0  |  00:00:00  |
|  BRAM Register                                    |            0  |              0  |                     0  |           0  |           0  |  00:00:00  |
|  URAM Register                                    |            0  |              0  |                     0  |           0  |           0  |  00:00:00  |
|  Dynamic/Static Region Interface Net Replication  |            0  |              0  |                     0  |           0  |           1  |  00:00:00  |
|  Total                                            |            0  |             67  |                    67  |           0  |           3  |  00:00:00  |
-----------------------------------------------------------------------------------------------------------------------------------------------------------


Phase 2.2.1 Physical Synthesis In Placer | Checksum: 1acbc18f1

Time (s): cpu = 00:00:10 ; elapsed = 00:00:06 . Memory (MB): peak = 1671.895 ; gain = 0.000
Phase 2.2 Global Placement Core | Checksum: 1f83cba60

Time (s): cpu = 00:00:10 ; elapsed = 00:00:06 . Memory (MB): peak = 1671.895 ; gain = 0.000
Phase 2 Global Placement | Checksum: 1f83cba60

Time (s): cpu = 00:00:10 ; elapsed = 00:00:06 . Memory (MB): peak = 1671.895 ; gain = 0.000

Phase 3 Detail Placement

Phase 3.1 Commit Multi Column Macros
Phase 3.1 Commit Multi Column Macros | Checksum: 22d184cc7

Time (s): cpu = 00:00:10 ; elapsed = 00:00:06 . Memory (MB): peak = 1671.895 ; gain = 0.000

Phase 3.2 Commit Most Macros & LUTRAMs
Phase 3.2 Commit Most Macros & LUTRAMs | Checksum: 239277b97

Time (s): cpu = 00:00:11 ; elapsed = 00:00:07 . Memory (MB): peak = 1671.895 ; gain = 0.000

Phase 3.3 Area Swap Optimization
Phase 3.3 Area Swap Optimization | Checksum: 22e6199d3

Time (s): cpu = 00:00:11 ; elapsed = 00:00:07 . Memory (MB): peak = 1671.895 ; gain = 0.000

Phase 3.4 Pipeline Register Optimization
Phase 3.4 Pipeline Register Optimization | Checksum: 1bbb22ebd

Time (s): cpu = 00:00:11 ; elapsed = 00:00:07 . Memory (MB): peak = 1671.895 ; gain = 0.000

Phase 3.5 Small Shape Detail Placement
Phase 3.5 Small Shape Detail Placement | Checksum: 1973638e3

Time (s): cpu = 00:00:12 ; elapsed = 00:00:08 . Memory (MB): peak = 1671.895 ; gain = 0.000

Phase 3.6 Re-assign LUT pins
Phase 3.6 Re-assign LUT pins | Checksum: 212f83207

Time (s): cpu = 00:00:13 ; elapsed = 00:00:08 . Memory (MB): peak = 1671.895 ; gain = 0.000

Phase 3.7 Pipeline Register Optimization
Phase 3.7 Pipeline Register Optimization | Checksum: 1bda88d31

Time (s): cpu = 00:00:13 ; elapsed = 00:00:09 . Memory (MB): peak = 1671.895 ; gain = 0.000
Phase 3 Detail Placement | Checksum: 1bda88d31

Time (s): cpu = 00:00:13 ; elapsed = 00:00:09 . Memory (MB): peak = 1671.895 ; gain = 0.000

Phase 4 Post Placement Optimization and Clean-Up

Phase 4.1 Post Commit Optimization
INFO: [Timing 38-35] Done setting XDC timing constraints.

Phase 4.1.1 Post Placement Optimization
Post Placement Optimization Initialization | Checksum: 1643e1f34

Phase 4.1.1.1 BUFG Insertion

Starting Physical Synthesis Task

Phase 1 Physical Synthesis Initialization
INFO: [Physopt 32-721] Multithreading enabled for phys_opt_design using a maximum of 2 CPUs
INFO: [Physopt 32-619] Estimated Timing Summary | WNS=27.550 | TNS=0.000 |
Phase 1 Physical Synthesis Initialization | Checksum: 16919c10d

Time (s): cpu = 00:00:00 ; elapsed = 00:00:00.107 . Memory (MB): peak = 1671.895 ; gain = 0.000
INFO: [Place 46-56] BUFG insertion identified 0 candidate nets. Inserted BUFG: 0, Replicated BUFG Driver: 0, Skipped due to Placement/Routing Conflicts: 0, Skipped due to Timing Degradation: 0, Skipped due to Illegal Netlist: 0.
Ending Physical Synthesis Task | Checksum: 23f611210

Time (s): cpu = 00:00:00 ; elapsed = 00:00:00.143 . Memory (MB): peak = 1671.895 ; gain = 0.000
Phase 4.1.1.1 BUFG Insertion | Checksum: 1643e1f34

Time (s): cpu = 00:00:14 ; elapsed = 00:00:10 . Memory (MB): peak = 1671.895 ; gain = 0.000
INFO: [Place 30-746] Post Placement Timing Summary WNS=27.550. For the most accurate timing information please run report_timing.
Phase 4.1.1 Post Placement Optimization | Checksum: 1feee49c3

Time (s): cpu = 00:00:14 ; elapsed = 00:00:10 . Memory (MB): peak = 1671.895 ; gain = 0.000
Phase 4.1 Post Commit Optimization | Checksum: 1feee49c3

Time (s): cpu = 00:00:14 ; elapsed = 00:00:10 . Memory (MB): peak = 1671.895 ; gain = 0.000

Phase 4.2 Post Placement Cleanup
Phase 4.2 Post Placement Cleanup | Checksum: 1feee49c3

Time (s): cpu = 00:00:14 ; elapsed = 00:00:10 . Memory (MB): peak = 1671.895 ; gain = 0.000

Phase 4.3 Placer Reporting
Phase 4.3 Placer Reporting | Checksum: 1feee49c3

Time (s): cpu = 00:00:14 ; elapsed = 00:00:10 . Memory (MB): peak = 1671.895 ; gain = 0.000

Phase 4.4 Final Placement Cleanup
Netlist sorting complete. Time (s): cpu = 00:00:00 ; elapsed = 00:00:00.005 . Memory (MB): peak = 1671.895 ; gain = 0.000
Phase 4.4 Final Placement Cleanup | Checksum: 211b2be95

Time (s): cpu = 00:00:14 ; elapsed = 00:00:10 . Memory (MB): peak = 1671.895 ; gain = 0.000
Phase 4 Post Placement Optimization and Clean-Up | Checksum: 211b2be95

Time (s): cpu = 00:00:14 ; elapsed = 00:00:10 . Memory (MB): peak = 1671.895 ; gain = 0.000
Ending Placer Task | Checksum: 16a271835

Time (s): cpu = 00:00:14 ; elapsed = 00:00:10 . Memory (MB): peak = 1671.895 ; gain = 0.000
INFO: [Common 17-83] Releasing license: Implementation
90 Infos, 2 Warnings, 10 Critical Warnings and 0 Errors encountered.
place_design completed successfully
place_design: Time (s): cpu = 00:00:16 ; elapsed = 00:00:11 . Memory (MB): peak = 1671.895 ; gain = 0.000
INFO: [Timing 38-480] Writing timing data to binary archive.
Writing placer database...
Writing XDEF routing.
Writing XDEF routing logical nets.
Writing XDEF routing special nets.
Write XDEF Complete: Time (s): cpu = 00:00:02 ; elapsed = 00:00:00.453 . Memory (MB): peak = 1671.895 ; gain = 0.000
INFO: [Common 17-1381] The checkpoint 'C:/Xilinx/Vivado2020.1/Vivado/2020.1/2020_VSP/Lab06/Lab06/lab6.runs/impl_1/RCA4_placed.dcp' has been generated.
INFO: [runtcl-4] Executing : report_io -file RCA4_io_placed.rpt
report_io: Time (s): cpu = 00:00:00 ; elapsed = 00:00:00.055 . Memory (MB): peak = 1671.895 ; gain = 0.000
INFO: [runtcl-4] Executing : report_utilization -file RCA4_utilization_placed.rpt -pb RCA4_utilization_placed.pb
INFO: [runtcl-4] Executing : report_control_sets -verbose -file RCA4_control_sets_placed.rpt
report_control_sets: Time (s): cpu = 00:00:00 ; elapsed = 00:00:00.044 . Memory (MB): peak = 1671.895 ; gain = 0.000
Command: route_design
Attempting to get a license for feature 'Implementation' and/or device 'xc7z020'
INFO: [Common 17-349] Got license for feature 'Implementation' and/or device 'xc7z020'
Running DRC as a precondition to command route_design
INFO: [DRC 23-27] Running DRC with 2 threads
INFO: [Vivado_Tcl 4-198] DRC finished with 0 Errors
INFO: [Vivado_Tcl 4-199] Please refer to the DRC report (report_drc) for more information.


Starting Routing Task
INFO: [Route 35-254] Multithreading enabled for route_design using a maximum of 2 CPUs
Checksum: PlaceDB: e322ccd4 ConstDB: 0 ShapeSum: 87044b61 RouteDB: 0

Phase 1 Build RT Design
Phase 1 Build RT Design | Checksum: 10854d939

Time (s): cpu = 00:00:41 ; elapsed = 00:00:25 . Memory (MB): peak = 1741.527 ; gain = 69.633
Post Restoration Checksum: NetGraph: f7af6c7 NumContArr: f8d9e272 Constraints: 0 Timing: 0

Phase 2 Router Initialization

Phase 2.1 Create Timer
Phase 2.1 Create Timer | Checksum: 10854d939

Time (s): cpu = 00:00:41 ; elapsed = 00:00:25 . Memory (MB): peak = 1773.801 ; gain = 101.906

Phase 2.2 Fix Topology Constraints
Phase 2.2 Fix Topology Constraints | Checksum: 10854d939

Time (s): cpu = 00:00:41 ; elapsed = 00:00:25 . Memory (MB): peak = 1780.852 ; gain = 108.957

Phase 2.3 Pre Route Cleanup
Phase 2.3 Pre Route Cleanup | Checksum: 10854d939

Time (s): cpu = 00:00:41 ; elapsed = 00:00:25 . Memory (MB): peak = 1780.852 ; gain = 108.957
 Number of Nodes with overlaps = 0

Phase 2.4 Update Timing
Phase 2.4 Update Timing | Checksum: 1602e40d7

Time (s): cpu = 00:00:43 ; elapsed = 00:00:26 . Memory (MB): peak = 1804.508 ; gain = 132.613
INFO: [Route 35-416] Intermediate Timing Summary | WNS=27.500 | TNS=0.000  | WHS=-0.206 | THS=-24.395|

Phase 2 Router Initialization | Checksum: 15b4e75b7

Time (s): cpu = 00:00:43 ; elapsed = 00:00:27 . Memory (MB): peak = 1804.508 ; gain = 132.613

Router Utilization Summary
  Global Vertical Routing Utilization    = 0 %
  Global Horizontal Routing Utilization  = 0 %
  Routable Net Status*
  *Does not include unroutable nets such as driverless and loadless.
  Run report_route_status for detailed report.
  Number of Failed Nets               = 4009
    (Failed Nets is the sum of unrouted and partially routed nets)
  Number of Unrouted Nets             = 4009
  Number of Partially Routed Nets     = 0
  Number of Node Overlaps             = 0


Phase 3 Initial Routing
Phase 3 Initial Routing | Checksum: 23661b930

Time (s): cpu = 00:00:44 ; elapsed = 00:00:27 . Memory (MB): peak = 1804.508 ; gain = 132.613

Phase 4 Rip-up And Reroute

Phase 4.1 Global Iteration 0
 Number of Nodes with overlaps = 307
 Number of Nodes with overlaps = 2
 Number of Nodes with overlaps = 0
INFO: [Route 35-416] Intermediate Timing Summary | WNS=26.544 | TNS=0.000  | WHS=N/A    | THS=N/A    |

Phase 4.1 Global Iteration 0 | Checksum: 1fccf570c

Time (s): cpu = 00:00:46 ; elapsed = 00:00:28 . Memory (MB): peak = 1804.508 ; gain = 132.613

Phase 4.2 Global Iteration 1
 Number of Nodes with overlaps = 0
INFO: [Route 35-416] Intermediate Timing Summary | WNS=26.544 | TNS=0.000  | WHS=N/A    | THS=N/A    |

Phase 4.2 Global Iteration 1 | Checksum: 1a79c408d

Time (s): cpu = 00:00:46 ; elapsed = 00:00:28 . Memory (MB): peak = 1804.508 ; gain = 132.613
Phase 4 Rip-up And Reroute | Checksum: 1a79c408d

Time (s): cpu = 00:00:46 ; elapsed = 00:00:28 . Memory (MB): peak = 1804.508 ; gain = 132.613

Phase 5 Delay and Skew Optimization

Phase 5.1 Delay CleanUp
Phase 5.1 Delay CleanUp | Checksum: 1a79c408d

Time (s): cpu = 00:00:46 ; elapsed = 00:00:28 . Memory (MB): peak = 1804.508 ; gain = 132.613

Phase 5.2 Clock Skew Optimization
Phase 5.2 Clock Skew Optimization | Checksum: 1a79c408d

Time (s): cpu = 00:00:46 ; elapsed = 00:00:28 . Memory (MB): peak = 1804.508 ; gain = 132.613
Phase 5 Delay and Skew Optimization | Checksum: 1a79c408d

Time (s): cpu = 00:00:46 ; elapsed = 00:00:28 . Memory (MB): peak = 1804.508 ; gain = 132.613

Phase 6 Post Hold Fix

Phase 6.1 Hold Fix Iter

Phase 6.1.1 Update Timing
Phase 6.1.1 Update Timing | Checksum: 1af4c5c89

Time (s): cpu = 00:00:46 ; elapsed = 00:00:28 . Memory (MB): peak = 1804.508 ; gain = 132.613
INFO: [Route 35-416] Intermediate Timing Summary | WNS=26.711 | TNS=0.000  | WHS=0.048  | THS=0.000  |

Phase 6.1 Hold Fix Iter | Checksum: 1c7e1e1f1

Time (s): cpu = 00:00:46 ; elapsed = 00:00:28 . Memory (MB): peak = 1804.508 ; gain = 132.613
Phase 6 Post Hold Fix | Checksum: 1c7e1e1f1

Time (s): cpu = 00:00:46 ; elapsed = 00:00:28 . Memory (MB): peak = 1804.508 ; gain = 132.613

Phase 7 Route finalize

Router Utilization Summary
  Global Vertical Routing Utilization    = 0.504919 %
  Global Horizontal Routing Utilization  = 0.596687 %
  Routable Net Status*
  *Does not include unroutable nets such as driverless and loadless.
  Run report_route_status for detailed report.
  Number of Failed Nets               = 0
    (Failed Nets is the sum of unrouted and partially routed nets)
  Number of Unrouted Nets             = 0
  Number of Partially Routed Nets     = 0
  Number of Node Overlaps             = 0

Phase 7 Route finalize | Checksum: 1df939dc4

Time (s): cpu = 00:00:46 ; elapsed = 00:00:29 . Memory (MB): peak = 1804.508 ; gain = 132.613

Phase 8 Verifying routed nets

 Verification completed successfully
Phase 8 Verifying routed nets | Checksum: 1df939dc4

Time (s): cpu = 00:00:46 ; elapsed = 00:00:29 . Memory (MB): peak = 1804.508 ; gain = 132.613

Phase 9 Depositing Routes
Phase 9 Depositing Routes | Checksum: 1e29bc279

Time (s): cpu = 00:00:47 ; elapsed = 00:00:29 . Memory (MB): peak = 1804.508 ; gain = 132.613

Phase 10 Post Router Timing
INFO: [Route 35-57] Estimated Timing Summary | WNS=26.711 | TNS=0.000  | WHS=0.048  | THS=0.000  |

INFO: [Route 35-327] The final timing numbers are based on the router estimated timing analysis. For a complete and accurate timing signoff, please run report_timing_summary.
Phase 10 Post Router Timing | Checksum: 1e29bc279

Time (s): cpu = 00:00:47 ; elapsed = 00:00:29 . Memory (MB): peak = 1804.508 ; gain = 132.613
INFO: [Route 35-16] Router Completed Successfully

Time (s): cpu = 00:00:47 ; elapsed = 00:00:29 . Memory (MB): peak = 1804.508 ; gain = 132.613

Routing Is Done.
INFO: [Common 17-83] Releasing license: Implementation
108 Infos, 2 Warnings, 10 Critical Warnings and 0 Errors encountered.
route_design completed successfully
route_design: Time (s): cpu = 00:00:49 ; elapsed = 00:00:30 . Memory (MB): peak = 1804.508 ; gain = 132.613
INFO: [Timing 38-480] Writing timing data to binary archive.
Writing placer database...
Writing XDEF routing.
Writing XDEF routing logical nets.
Writing XDEF routing special nets.
Write XDEF Complete: Time (s): cpu = 00:00:02 ; elapsed = 00:00:00.523 . Memory (MB): peak = 1817.199 ; gain = 12.691
INFO: [Common 17-1381] The checkpoint 'C:/Xilinx/Vivado2020.1/Vivado/2020.1/2020_VSP/Lab06/Lab06/lab6.runs/impl_1/RCA4_routed.dcp' has been generated.
INFO: [runtcl-4] Executing : report_drc -file RCA4_drc_routed.rpt -pb RCA4_drc_routed.pb -rpx RCA4_drc_routed.rpx
Command: report_drc -file RCA4_drc_routed.rpt -pb RCA4_drc_routed.pb -rpx RCA4_drc_routed.rpx
INFO: [IP_Flow 19-1839] IP Catalog is up to date.
INFO: [DRC 23-27] Running DRC with 2 threads
INFO: [Coretcl 2-168] The results of DRC are in file C:/Xilinx/Vivado2020.1/Vivado/2020.1/2020_VSP/Lab06/Lab06/lab6.runs/impl_1/RCA4_drc_routed.rpt.
report_drc completed successfully
INFO: [runtcl-4] Executing : report_methodology -file RCA4_methodology_drc_routed.rpt -pb RCA4_methodology_drc_routed.pb -rpx RCA4_methodology_drc_routed.rpx
Command: report_methodology -file RCA4_methodology_drc_routed.rpt -pb RCA4_methodology_drc_routed.pb -rpx RCA4_methodology_drc_routed.rpx
INFO: [Timing 38-35] Done setting XDC timing constraints.
INFO: [DRC 23-133] Running Methodology with 2 threads
INFO: [Coretcl 2-1520] The results of Report Methodology are in file C:/Xilinx/Vivado2020.1/Vivado/2020.1/2020_VSP/Lab06/Lab06/lab6.runs/impl_1/RCA4_methodology_drc_routed.rpt.
report_methodology completed successfully
INFO: [runtcl-4] Executing : report_power -file RCA4_power_routed.rpt -pb RCA4_power_summary_routed.pb -rpx RCA4_power_routed.rpx
Command: report_power -file RCA4_power_routed.rpt -pb RCA4_power_summary_routed.pb -rpx RCA4_power_routed.rpx
INFO: [Timing 38-35] Done setting XDC timing constraints.
Running Vector-less Activity Propagation...

Finished Running Vector-less Activity Propagation
120 Infos, 2 Warnings, 10 Critical Warnings and 0 Errors encountered.
report_power completed successfully
INFO: [runtcl-4] Executing : report_route_status -file RCA4_route_status.rpt -pb RCA4_route_status.pb
INFO: [runtcl-4] Executing : report_timing_summary -max_paths 10 -file RCA4_timing_summary_routed.rpt -pb RCA4_timing_summary_routed.pb -rpx RCA4_timing_summary_routed.rpx -warn_on_violation 
INFO: [Timing 38-91] UpdateTimingParams: Speed grade: -1, Delay Type: min_max.
INFO: [Timing 38-191] Multithreading enabled for timing update using a maximum of 2 CPUs
INFO: [runtcl-4] Executing : report_incremental_reuse -file RCA4_incremental_reuse_routed.rpt
INFO: [Vivado_Tcl 4-1062] Incremental flow is disabled. No incremental reuse Info to report.
INFO: [runtcl-4] Executing : report_clock_utilization -file RCA4_clock_utilization_routed.rpt
INFO: [runtcl-4] Executing : report_bus_skew -warn_on_violation -file RCA4_bus_skew_routed.rpt -pb RCA4_bus_skew_routed.pb -rpx RCA4_bus_skew_routed.rpx
INFO: [Timing 38-91] UpdateTimingParams: Speed grade: -1, Delay Type: min_max.
INFO: [Timing 38-191] Multithreading enabled for timing update using a maximum of 2 CPUs
Command: write_bitstream -force RCA4.bit
Attempting to get a license for feature 'Implementation' and/or device 'xc7z020'
INFO: [Common 17-349] Got license for feature 'Implementation' and/or device 'xc7z020'
Running DRC as a precondition to command write_bitstream
INFO: [IP_Flow 19-1839] IP Catalog is up to date.
INFO: [DRC 23-27] Running DRC with 2 threads
WARNING: [DRC RTSTAT-10] No routable loads: 31 net(s) have no routable loads. The problem bus(es) and/or net(s) are dbg_hub/inst/BSCANID.u_xsdbm_id/CORE_XSDB.UUT_MASTER/U_ICON_INTERFACE/U_CMD6_RD/U_RD_FIFO/SUBCORE_FIFO.xsdbm_v3_0_0_rdfifo_inst/inst_fifo_gen/gconvfifo.rf/grf.rf/gntv_or_sync_fifo.gl0.rd/gr1.gr1_int.rfwft/aempty_fwft_i, dbg_hub/inst/BSCANID.u_xsdbm_id/CORE_XSDB.UUT_MASTER/U_ICON_INTERFACE/U_CMD7_CTL/ctl_reg[2:0], dbg_hub/inst/BSCANID.u_xsdbm_id/CORE_XSDB.UUT_MASTER/U_ICON_INTERFACE/U_CMD7_CTL/ctl_reg_en_2[1], dbg_hub/inst/BSCANID.u_xsdbm_id/CORE_XSDB.UUT_MASTER/U_ICON_INTERFACE/U_CMD1/ctl_reg_en_2[1], dbg_hub/inst/BSCANID.u_xsdbm_id/SWITCH_N_EXT_BSCAN.bscan_switch/m_bscan_capture[0], dbg_hub/inst/BSCANID.u_xsdbm_id/SWITCH_N_EXT_BSCAN.bscan_switch/m_bscan_drck[0], dbg_hub/inst/BSCANID.u_xsdbm_id/SWITCH_N_EXT_BSCAN.bscan_switch/m_bscan_runtest[0], dbg_hub/inst/BSCANID.u_xsdbm_id/CORE_XSDB.UUT_MASTER/U_ICON_INTERFACE/U_CMD6_RD/U_RD_FIFO/SUBCORE_FIFO.xsdbm_v3_0_0_rdfifo_inst/inst_fifo_gen/gconvfifo.rf/grf.rf/gntv_or_sync_fifo.gl0.wr/gwhf.whf/overflow, dbg_hub/inst/BSCANID.u_xsdbm_id/CORE_XSDB.UUT_MASTER/U_ICON_INTERFACE/U_CMD6_WR/U_WR_FIFO/SUBCORE_FIFO.xsdbm_v3_0_0_wrfifo_inst/inst_fifo_gen/gconvfifo.rf/grf.rf/gntv_or_sync_fifo.gl0.wr/gwhf.whf/overflow, dbg_hub/inst/BSCANID.u_xsdbm_id/CORE_XSDB.UUT_MASTER/U_ICON_INTERFACE/U_CMD6_RD/U_RD_FIFO/SUBCORE_FIFO.xsdbm_v3_0_0_rdfifo_inst/inst_fifo_gen/gconvfifo.rf/grf.rf/gntv_or_sync_fifo.gl0.rd/gras.rsts/ram_empty_i, dbg_hub/inst/BSCANID.u_xsdbm_id/CORE_XSDB.UUT_MASTER/U_ICON_INTERFACE/U_CMD6_WR/U_WR_FIFO/SUBCORE_FIFO.xsdbm_v3_0_0_wrfifo_inst/inst_fifo_gen/gconvfifo.rf/grf.rf/gntv_or_sync_fifo.gl0.wr/gwas.wsts/ram_full_i, dbg_hub/inst/BSCANID.u_xsdbm_id/CORE_XSDB.UUT_MASTER/U_ICON_INTERFACE/U_CMD6_WR/U_WR_FIFO/SUBCORE_FIFO.xsdbm_v3_0_0_wrfifo_inst/inst_fifo_gen/gconvfifo.rf/grf.rf/rstblk/rd_rst_reg[0], dbg_hub/inst/BSCANID.u_xsdbm_id/SWITCH_N_EXT_BSCAN.bscan_inst/s_bscan_tms, your_instance_name/inst/ila_core_inst/u_ila_regs/U_XSDB_SLAVE/s_daddr_o[13], u_ila_0/inst/ila_core_inst/u_ila_regs/U_XSDB_SLAVE/s_daddr_o[13]... and (the first 15 of 29 listed).
WARNING: [DRC ZPS7-1] PS7 block required: The PS7 cell must be used in this Zynq design in order to enable correct default configuration.
INFO: [Vivado 12-3199] DRC finished with 0 Errors, 2 Warnings
INFO: [Vivado 12-3200] Please refer to the DRC report (report_drc) for more information.
INFO: [Designutils 20-2272] Running write_bitstream with 2 threads.
Loading data files...
Loading site data...
Loading route data...
Processing options...
Creating bitmap...
Creating bitstream...
Writing bitstream ./RCA4.bit...
INFO: [Vivado 12-1842] Bitgen Completed Successfully.
INFO: [Project 1-120] WebTalk data collection is mandatory when using a WebPACK part without a full Vivado license. To see the specific WebTalk data collected for your design, open the usage_statistics_webtalk.html or usage_statistics_webtalk.xml file in the implementation directory.
INFO: [Common 17-186] 'C:/Xilinx/Vivado2020.1/Vivado/2020.1/2020_VSP/Lab06/Lab06/lab6.runs/impl_1/usage_statistics_webtalk.xml' has been successfully sent to Xilinx on Wed Oct 28 11:23:17 2020. For additional details about this file, please refer to the WebTalk help file at C:/Xilinx/Vivado2020.1/Vivado/2020.1/doc/webtalk_introduction.html.
INFO: [Common 17-83] Releasing license: Implementation
140 Infos, 4 Warnings, 10 Critical Warnings and 0 Errors encountered.
write_bitstream completed successfully
write_bitstream: Time (s): cpu = 00:00:18 ; elapsed = 00:00:28 . Memory (MB): peak = 2282.500 ; gain = 449.965
INFO: [Common 17-206] Exiting Vivado at Wed Oct 28 11:23:17 2020...
